0 info it worked if it ends with ok
1 verbose cli [ 'node', '/usr/local/bin/npm', 'install', 'db-mysql' ]
2 info using npm@2.1.8
3 info using node@v0.10.29
4 verbose node symlink /usr/local/bin/node
5 silly cache add args [ 'db-mysql', null ]
6 verbose cache add spec db-mysql
7 silly cache add parsed spec { raw: 'db-mysql',
7 silly cache add   scope: null,
7 silly cache add   name: 'db-mysql',
7 silly cache add   rawSpec: '',
7 silly cache add   spec: '*',
7 silly cache add   type: 'range' }
8 verbose addNamed db-mysql@*
9 silly addNamed semver.valid null
10 silly addNamed semver.validRange *
11 silly addNameRange { name: 'db-mysql', range: '*', hasData: false }
12 silly mapToRegistry name db-mysql
13 silly mapToRegistry using default registry
14 silly mapToRegistry registry https://registry.npmjs.org/
15 silly mapToRegistry uri https://registry.npmjs.org/db-mysql
16 verbose addNameRange registry:https://registry.npmjs.org/db-mysql not in flight; fetching
17 verbose request uri https://registry.npmjs.org/db-mysql
18 verbose request no auth needed
19 info attempt registry request try #1 at 16:22:12
20 verbose request id af4292af8fed0763
21 verbose etag "4GLE7Q0WQNC4TE87X9BJALJZO"
22 http request GET https://registry.npmjs.org/db-mysql
23 http 304 https://registry.npmjs.org/db-mysql
24 silly get cb [ 304,
24 silly get   { date: 'Tue, 17 Feb 2015 22:22:07 GMT',
24 silly get     server: 'Apache',
24 silly get     via: '1.1 varnish',
24 silly get     'last-modified': 'Tue, 17 Feb 2015 22:22:08 GMT',
24 silly get     'cache-control': 'max-age=60',
24 silly get     etag: '"4GLE7Q0WQNC4TE87X9BJALJZO"',
24 silly get     age: '0',
24 silly get     'x-served-by': 'cache-ord1727-ORD',
24 silly get     'x-cache': 'MISS',
24 silly get     'x-cache-hits': '0',
24 silly get     'x-timer': 'S1424211727.850346,VS0,VE186',
24 silly get     vary: 'Accept',
24 silly get     'content-length': '0',
24 silly get     'keep-alive': 'timeout=10, max=50',
24 silly get     connection: 'Keep-Alive' } ]
25 verbose etag https://registry.npmjs.org/db-mysql from cache
26 silly addNameRange number 2 { name: 'db-mysql', range: '*', hasData: true }
27 silly addNameRange versions [ 'db-mysql',
27 silly addNameRange   [ '0.4.0',
27 silly addNameRange     '0.4.1',
27 silly addNameRange     '0.4.2',
27 silly addNameRange     '0.4.3',
27 silly addNameRange     '0.4.4',
27 silly addNameRange     '0.4.5',
27 silly addNameRange     '0.4.6',
27 silly addNameRange     '0.4.7',
27 silly addNameRange     '0.4.8',
27 silly addNameRange     '0.4.9',
27 silly addNameRange     '0.5.0',
27 silly addNameRange     '0.5.1',
27 silly addNameRange     '0.5.2',
27 silly addNameRange     '0.5.3',
27 silly addNameRange     '0.5.4',
27 silly addNameRange     '0.5.5',
27 silly addNameRange     '0.5.6',
27 silly addNameRange     '0.5.7',
27 silly addNameRange     '0.5.8',
27 silly addNameRange     '0.5.9',
27 silly addNameRange     '0.6.0',
27 silly addNameRange     '0.6.1',
27 silly addNameRange     '0.6.2',
27 silly addNameRange     '0.6.3',
27 silly addNameRange     '0.6.4',
27 silly addNameRange     '0.6.5',
27 silly addNameRange     '0.6.6',
27 silly addNameRange     '0.6.7',
27 silly addNameRange     '0.6.8',
27 silly addNameRange     '0.6.9',
27 silly addNameRange     '0.7.0',
27 silly addNameRange     '0.7.1',
27 silly addNameRange     '0.7.2',
27 silly addNameRange     '0.7.3',
27 silly addNameRange     '0.7.4',
27 silly addNameRange     '0.7.5',
27 silly addNameRange     '0.7.6' ] ]
28 verbose addNamed db-mysql@0.7.6
29 silly addNamed semver.valid 0.7.6
30 silly addNamed semver.validRange 0.7.6
31 silly cache afterAdd db-mysql@0.7.6
32 verbose afterAdd /Users/yasha/.npm/db-mysql/0.7.6/package/package.json not in flight; writing
33 verbose afterAdd /Users/yasha/.npm/db-mysql/0.7.6/package/package.json written
34 silly install resolved [ { name: 'db-mysql',
34 silly install resolved     description: 'MySQL database bindings for Node.JS',
34 silly install resolved     keywords:
34 silly install resolved      [ 'database',
34 silly install resolved        'db',
34 silly install resolved        'native',
34 silly install resolved        'binding',
34 silly install resolved        'library',
34 silly install resolved        'plugin',
34 silly install resolved        'client',
34 silly install resolved        'mysql',
34 silly install resolved        'libmysql' ],
34 silly install resolved     homepage: 'http://nodejsdb.org/db-mysql',
34 silly install resolved     version: '0.7.6',
34 silly install resolved     engines: { node: '>=0.4.1' },
34 silly install resolved     maintainers: [ [Object] ],
34 silly install resolved     bugs: { url: 'http://github.com/mariano/node-db-mysql/issues' },
34 silly install resolved     licenses: [ [Object] ],
34 silly install resolved     repositories: [ [Object] ],
34 silly install resolved     main: './db-mysql',
34 silly install resolved     scripts:
34 silly install resolved      { install: 'node-waf configure build',
34 silly install resolved        preuninstall: 'rm -rf build/*',
34 silly install resolved        test: 'node-waf test',
34 silly install resolved        doc: 'node-waf doc' },
34 silly install resolved     devDependencies: { nodeunit: '*', nodelint: '*' },
34 silly install resolved     _npmUser: { name: 'mariano', email: 'mgiglesias@gmail.com' },
34 silly install resolved     _id: 'db-mysql@0.7.6',
34 silly install resolved     dependencies: {},
34 silly install resolved     _engineSupported: true,
34 silly install resolved     _npmVersion: '1.0.104',
34 silly install resolved     _nodeVersion: 'v0.6.1',
34 silly install resolved     _defaultsLoaded: true,
34 silly install resolved     dist:
34 silly install resolved      { shasum: 'ff870557afb1ee4197712211d26b6a05394a7aeb',
34 silly install resolved        tarball: 'http://registry.npmjs.org/db-mysql/-/db-mysql-0.7.6.tgz' },
34 silly install resolved     directories: {},
34 silly install resolved     _shasum: 'ff870557afb1ee4197712211d26b6a05394a7aeb',
34 silly install resolved     _resolved: 'https://registry.npmjs.org/db-mysql/-/db-mysql-0.7.6.tgz',
34 silly install resolved     _from: 'db-mysql@*',
34 silly install resolved     repository:
34 silly install resolved      { type: 'git',
34 silly install resolved        url: 'https://github.com/mariano/node-db-mysql.git' },
34 silly install resolved     readme: 'ERROR: No README data found!' } ]
35 info install db-mysql@0.7.6 into /Users/yasha/Dropbox/Senior/Clubs/Robotics/frc2015scout/scout
36 info installOne db-mysql@0.7.6
37 verbose installOne of db-mysql to /Users/yasha/Dropbox/Senior/Clubs/Robotics/frc2015scout/scout not in flight; installing
38 warn locking Error: EACCES, open '/Users/yasha/.npm/_locks/db-mysql-b6942ac8eb8ed460.lock'
38 warn locking  /Users/yasha/.npm/_locks/db-mysql-b6942ac8eb8ed460.lock failed { [Error: EACCES, open '/Users/yasha/.npm/_locks/db-mysql-b6942ac8eb8ed460.lock']
38 warn locking   errno: 3,
38 warn locking   code: 'EACCES',
38 warn locking   path: '/Users/yasha/.npm/_locks/db-mysql-b6942ac8eb8ed460.lock' }
39 verbose stack Error: Attempt to unlock /Users/yasha/Dropbox/Senior/Clubs/Robotics/frc2015scout/scout/node_modules/db-mysql, which hasn't been locked
39 verbose stack     at unlock (/usr/local/lib/node_modules/npm/lib/utils/locker.js:66:11)
39 verbose stack     at cb (/usr/local/lib/node_modules/npm/lib/install.js:929:5)
39 verbose stack     at /usr/local/lib/node_modules/npm/lib/install.js:933:20
39 verbose stack     at /usr/local/lib/node_modules/npm/lib/utils/locker.js:40:9
39 verbose stack     at cb (/usr/local/lib/node_modules/npm/node_modules/lockfile/lockfile.js:149:38)
39 verbose stack     at /usr/local/lib/node_modules/npm/node_modules/lockfile/lockfile.js:177:38
39 verbose stack     at Object.oncomplete (fs.js:107:15)
40 verbose cwd /Users/yasha/Dropbox/Senior/Clubs/Robotics/frc2015scout/scout
41 error Darwin 14.1.0
42 error argv "node" "/usr/local/bin/npm" "install" "db-mysql"
43 error node v0.10.29
44 error npm  v2.1.8
45 error Attempt to unlock /Users/yasha/Dropbox/Senior/Clubs/Robotics/frc2015scout/scout/node_modules/db-mysql, which hasn't been locked
46 error If you need help, you may report this error at:
46 error     <http://github.com/npm/npm/issues>
47 verbose exit [ 1, true ]
